BrainNoodles/app/manifest-merger-release-report.txt
-- Merging decision tree log ---
manifest
ADDED from AndroidManifest.xml:2:1
	package
		ADDED from AndroidManifest.xml:3:5
		INJECTED from AndroidManifest.xml:0:0
		INJECTED from AndroidManifest.xml:0:0
	android:versionName
		INJECTED from AndroidManifest.xml:0:0
		INJECTED from AndroidManifest.xml:0:0
	xmlns:android
		ADDED from AndroidManifest.xml:2:11
	android:versionCode
		INJECTED from AndroidManifest.xml:0:0
		INJECTED from AndroidManifest.xml:0:0
application
ADDED from AndroidManifest.xml:5:5
MERGED from com.android.support:appcompat-v7:21.0.3:16:5
MERGED from com.android.support:support-v4:21.0.3:16:5
	android:label
		ADDED from AndroidManifest.xml:8:9
	android:allowBackup
		ADDED from AndroidManifest.xml:6:9
	android:icon
		ADDED from AndroidManifest.xml:7:9
	android:theme
		ADDED from AndroidManifest.xml:9:9
activity#com.dose.apps.brainnoodles.Misc.MainActivity
ADDED from AndroidManifest.xml:11:9
	android:screenOrientation
		ADDED from AndroidManifest.xml:14:13
	android:label
		ADDED from AndroidManifest.xml:13:13
	android:name
		ADDED from AndroidManifest.xml:12:13
intent-filter#android.intent.action.MAIN+android.intent.category.LAUNCHER
ADDED from AndroidManifest.xml:15:13
action#android.intent.action.MAIN
ADDED from AndroidManifest.xml:16:17
	android:name
		ADDED from AndroidManifest.xml:16:25
category#android.intent.category.LAUNCHER
ADDED from AndroidManifest.xml:19:17
	android:name
		ADDED from AndroidManifest.xml:19:27
activity#com.dose.apps.brainnoodles.Results.Results1
ADDED from AndroidManifest.xml:22:9
	android:screenOrientation
		ADDED from AndroidManifest.xml:25:13
	android:label
		ADDED from AndroidManifest.xml:24:13
	android:name
		ADDED from AndroidManifest.xml:23:13
intent-filter#Results1+android.intent.category.DEFAULT
ADDED from AndroidManifest.xml:26:13
action#Results1
ADDED from AndroidManifest.xml:27:17
	android:name
		ADDED from AndroidManifest.xml:27:25
category#android.intent.category.DEFAULT
ADDED from AndroidManifest.xml:30:17
	android:name
		ADDED from AndroidManifest.xml:30:27
activity#com.dose.apps.brainnoodles.Tests.Test1
ADDED from AndroidManifest.xml:34:9
	android:screenOrientation
		ADDED from AndroidManifest.xml:37:13
	android:label
		ADDED from AndroidManifest.xml:36:13
	android:name
		ADDED from AndroidManifest.xml:35:13
intent-filter#Test1+android.intent.category.DEFAULT
ADDED from AndroidManifest.xml:39:13
action#Test1
ADDED from AndroidManifest.xml:40:17
	android:name
		ADDED from AndroidManifest.xml:40:25
activity#com.dose.apps.brainnoodles.Tests.Test2
ADDED from AndroidManifest.xml:47:9
	android:screenOrientation
		ADDED from AndroidManifest.xml:50:13
	android:label
		ADDED from AndroidManifest.xml:49:13
	android:name
		ADDED from AndroidManifest.xml:48:13
intent-filter#Test2+android.intent.category.DEFAULT
ADDED from AndroidManifest.xml:51:13
action#Test2
ADDED from AndroidManifest.xml:52:17
	android:name
		ADDED from AndroidManifest.xml:52:25
activity#com.dose.apps.brainnoodles.Results.Results2
ADDED from AndroidManifest.xml:58:5
	android:screenOrientation
		ADDED from AndroidManifest.xml:61:9
	android:label
		ADDED from AndroidManifest.xml:60:9
	android:name
		ADDED from AndroidManifest.xml:59:9
intent-filter#Results2+android.intent.category.DEFAULT
ADDED from AndroidManifest.xml:62:9
action#Results2
ADDED from AndroidManifest.xml:63:13
	android:name
		ADDED from AndroidManifest.xml:63:21
activity#com.dose.apps.brainnoodles.Users_Answers.UsersAnswers1
ADDED from AndroidManifest.xml:71:5
	android:screenOrientation
		ADDED from AndroidManifest.xml:74:9
	android:label
		ADDED from AndroidManifest.xml:73:9
	android:name
		ADDED from AndroidManifest.xml:72:9
intent-filter#UsersAnswers1+android.intent.category.DEFAULT
ADDED from AndroidManifest.xml:75:9
action#UsersAnswers1
ADDED from AndroidManifest.xml:76:13
	android:name
		ADDED from AndroidManifest.xml:76:21
activity#com.dose.apps.brainnoodles.Users_Answers.UsersAnswers2
ADDED from AndroidManifest.xml:85:9
	android:screenOrientation
		ADDED from AndroidManifest.xml:88:13
	android:label
		ADDED from AndroidManifest.xml:87:13
	android:name
		ADDED from AndroidManifest.xml:86:13
intent-filter#UsersAnswers2+android.intent.category.DEFAULT
ADDED from AndroidManifest.xml:89:13
action#UsersAnswers2
ADDED from AndroidManifest.xml:90:17
	android:name
		ADDED from AndroidManifest.xml:90:25
activity#com.dose.apps.brainnoodles.Users_Answers.UsersAnswers3
ADDED from AndroidManifest.xml:98:9
	android:screenOrientation
		ADDED from AndroidManifest.xml:101:13
	android:label
		ADDED from AndroidManifest.xml:100:13
	android:name
		ADDED from AndroidManifest.xml:99:13
intent-filter#UsersAnswers3+android.intent.category.DEFAULT
ADDED from AndroidManifest.xml:102:13
action#UsersAnswers3
ADDED from AndroidManifest.xml:103:17
	android:name
		ADDED from AndroidManifest.xml:103:25
activity#com.dose.apps.brainnoodles.Users_Answers.UsersAnswers4
ADDED from AndroidManifest.xml:110:9
	android:screenOrientation
		ADDED from AndroidManifest.xml:113:13
	android:label
		ADDED from AndroidManifest.xml:112:13
	android:name
		ADDED from AndroidManifest.xml:111:13
intent-filter#UsersAnswers4+android.intent.category.DEFAULT
ADDED from AndroidManifest.xml:114:13
action#UsersAnswers4
ADDED from AndroidManifest.xml:115:17
	android:name
		ADDED from AndroidManifest.xml:115:25
activity#com.dose.apps.brainnoodles.Tests.Test3
ADDED from AndroidManifest.xml:122:9
	android:screenOrientation
		ADDED from AndroidManifest.xml:125:13
	android:label
		ADDED from AndroidManifest.xml:124:13
	android:name
		ADDED from AndroidManifest.xml:123:13
intent-filter#Test3+android.intent.category.DEFAULT
ADDED from AndroidManifest.xml:126:13
action#Test3
ADDED from AndroidManifest.xml:127:17
	android:name
		ADDED from AndroidManifest.xml:127:25
activity#com.dose.apps.brainnoodles.Tests.Test4
ADDED from AndroidManifest.xml:134:9
	android:screenOrientation
		ADDED from AndroidManifest.xml:137:13
	android:label
		ADDED from AndroidManifest.xml:136:13
	android:name
		ADDED from AndroidManifest.xml:135:13
intent-filter#Test4+android.intent.category.DEFAULT
ADDED from AndroidManifest.xml:138:13
action#Test4
ADDED from AndroidManifest.xml:139:17
	android:name
		ADDED from AndroidManifest.xml:139:25
activity#com.dose.apps.brainnoodles.Results.Results3
ADDED from AndroidManifest.xml:146:9
	android:screenOrientation
		ADDED from AndroidManifest.xml:149:13
	android:label
		ADDED from AndroidManifest.xml:148:13
	android:name
		ADDED from AndroidManifest.xml:147:13
intent-filter#Results3+android.intent.category.DEFAULT
ADDED from AndroidManifest.xml:150:13
action#Results3
ADDED from AndroidManifest.xml:151:17
	android:name
		ADDED from AndroidManifest.xml:151:25
activity#com.dose.apps.brainnoodles.Results.Results4
ADDED from AndroidManifest.xml:158:9
	android:screenOrientation
		ADDED from AndroidManifest.xml:161:13
	android:label
		ADDED from AndroidManifest.xml:160:13
	android:name
		ADDED from AndroidManifest.xml:159:13
intent-filter#Results4+android.intent.category.DEFAULT
ADDED from AndroidManifest.xml:162:13
action#Results4
ADDED from AndroidManifest.xml:163:17
	android:name
		ADDED from AndroidManifest.xml:163:25
activity#com.dose.apps.brainnoodles.ChooseMathOrTest.ChooseATest
ADDED from AndroidManifest.xml:170:9
	android:screenOrientation
		ADDED from AndroidManifest.xml:173:13
	android:label
		ADDED from AndroidManifest.xml:172:13
	android:name
		ADDED from AndroidManifest.xml:171:13
intent-filter#ChooseATest+android.intent.category.DEFAULT
ADDED from AndroidManifest.xml:174:13
action#ChooseATest
ADDED from AndroidManifest.xml:175:17
	android:name
		ADDED from AndroidManifest.xml:175:25
activity#com.dose.apps.brainnoodles.Tests.Test5
ADDED from AndroidManifest.xml:182:9
	android:screenOrientation
		ADDED from AndroidManifest.xml:185:13
	android:label
		ADDED from AndroidManifest.xml:184:13
	android:name
		ADDED from AndroidManifest.xml:183:13
intent-filter#Test5+android.intent.category.DEFAULT
ADDED from AndroidManifest.xml:186:13
action#Test5
ADDED from AndroidManifest.xml:187:17
	android:name
		ADDED from AndroidManifest.xml:187:25
activity#com.dose.apps.brainnoodles.Users_Answers.UsersAnswers5
ADDED from AndroidManifest.xml:195:9
	android:screenOrientation
		ADDED from AndroidManifest.xml:198:13
	android:label
		ADDED from AndroidManifest.xml:197:13
	android:name
		ADDED from AndroidManifest.xml:196:13
intent-filter#UsersAnswers5+android.intent.category.DEFAULT
ADDED from AndroidManifest.xml:199:13
action#UsersAnswers5
ADDED from AndroidManifest.xml:200:17
	android:name
		ADDED from AndroidManifest.xml:200:25
activity#com.dose.apps.brainnoodles.Results.Results5
ADDED from AndroidManifest.xml:208:9
	android:screenOrientation
		ADDED from AndroidManifest.xml:211:13
	android:label
		ADDED from AndroidManifest.xml:210:13
	android:name
		ADDED from AndroidManifest.xml:209:13
intent-filter#Results5+android.intent.category.DEFAULT
ADDED from AndroidManifest.xml:212:13
action#Results5
ADDED from AndroidManifest.xml:213:17
	android:name
		ADDED from AndroidManifest.xml:213:25
activity#com.dose.apps.brainnoodles.Tests.Test6
ADDED from AndroidManifest.xml:220:9
	android:screenOrientation
		ADDED from AndroidManifest.xml:223:13
	android:label
		ADDED from AndroidManifest.xml:222:13
	android:name
		ADDED from AndroidManifest.xml:221:13
intent-filter#Test6+android.intent.category.DEFAULT
ADDED from AndroidManifest.xml:224:13
action#Test6
ADDED from AndroidManifest.xml:225:17
	android:name
		ADDED from AndroidManifest.xml:225:25
activity#com.dose.apps.brainnoodles.Users_Answers.UsersAnswers6
ADDED from AndroidManifest.xml:232:9
	android:screenOrientation
		ADDED from AndroidManifest.xml:235:13
	android:label
		ADDED from AndroidManifest.xml:234:13
	android:name
		ADDED from AndroidManifest.xml:233:13
intent-filter#UsersAnswers6+android.intent.category.DEFAULT
ADDED from AndroidManifest.xml:236:13
action#UsersAnswers6
ADDED from AndroidManifest.xml:237:17
	android:name
		ADDED from AndroidManifest.xml:237:25
activity#com.dose.apps.brainnoodles.Results.Results6
ADDED from AndroidManifest.xml:245:9
	android:screenOrientation
		ADDED from AndroidManifest.xml:248:13
	android:label
		ADDED from AndroidManifest.xml:247:13
	android:name
		ADDED from AndroidManifest.xml:246:13
intent-filter#Results6+android.intent.category.DEFAULT
ADDED from AndroidManifest.xml:249:13
action#Results6
ADDED from AndroidManifest.xml:250:17
	android:name
		ADDED from AndroidManifest.xml:250:25
uses-sdk
INJECTED from AndroidManifest.xml:0:0 reason: use-sdk injection requested
MERGED from com.android.support:appcompat-v7:21.0.3:15:5
MERGED from com.android.support:support-v4:21.0.3:15:5
	android:targetSdkVersion
		INJECTED from AndroidManifest.xml:0:0
		INJECTED from AndroidManifest.xml:0:0
	android:minSdkVersion
		INJECTED from AndroidManifest.xml:0:0
		INJECTED from AndroidManifest.xml:0:0